<?xml version="1.0" encoding="UTF-8"?>
<testsuite name="com.example.EmailServiceTest" tests="1" skipped="0" failures="0" errors="0" timestamp="2024-05-30T22:14:32" hostname="DESKTOP-3V2CUMC" time="0.091">
  <properties/>
  <testcase name="testSendEmail()" classname="com.example.EmailServiceTest" time="0.091"/>
  <system-out><![CDATA[?[34mINFO ?[0;39m - Email sent successfully to: recipient@example.com
]]></system-out>
  <system-err><![CDATA[]]></system-err>
</testsuite>
